  5.50    0      336      144   0.011033
  6.00    0     1584     1296   0.011200
  6.50    0     4032     1992   0.012570
  7.00    0     1320     1992   0.011200
  7.50    0      288      264   0.011200
  8.00    0     1056      792   0.011200
  8.50    0     2328     1872   0.011200
  9.00    0     2544     1992   0.011200
  9.50    0      936     1992   0.011200
 10.00    0      216      360   0.011200
 10.50    0     1392     1128   0.011200
 11.00    0     2136     2016   0.011200
 11.50    0     2040     1992   0.011200
 12.00    0     2040     1992   0.011200
 12.50    0     2064     2016   0.011200
 13.00    0     2016     1992   0.011200
 13.50    0     2040     1992   0.011200
 14.00    0     2064     2016   0.011200
 14.50    0     2016     1992   0.011200
 15.00    0     2040     1992   0.011200
 15.50    0     2064     2016   0.011200
 16.00    0     2016     1992   0.011200
 16.50    0     2016     1992   0.011200
 17.00    0     2064     2016   0.011200
 17.50    0     2016     1992   0.011200
 18.00    0     2040     1992   0.011200
 18.50    0     2040     2016   0.011200
 19.00    0     2016     1992   0.011200
 19.50    0     2040     1992   0.011200
 20.00    0     2040     2016   0.011200
 20.50    0     2016     1992   0.011200
 21.00    0     2016     1992   0.011200
 21.50    0     2040     2016   0.011200
 22.00    0     2040     1992   0.011200
 22.50    0     2016     1992   0.011200
 23.00    0     2040     2016   0.011200
 23.50    0     2016     1992   0.011200
 24.00    0     2016     1992   0.011200
 24.50    0      840     2016   0.011200
 25.00    0      336      288   0.011200
 25.50    0     1512     1272   0.011200
 26.00    0     2040     1992   0.011200
 26.50    0     2040     1992   0.011200
 27.00    0     2064     2016   0.011200
 27.50    0     2040     1992   0.011200
 28.00    0     2016     1992   0.011200
 28.50    0     2064     2016   0.011200
 29.00    0     2040     1992   0.011200
 29.50    0     2016     1992   0.011200
 30.00    0     2064     2016   0.011200
 30.50    0     2016     1992   0.011200
 31.00    0     2040     1992   0.011200
 31.50    0     2040     2016   0.011200
 32.00    0     2040     1992   0.011200
 32.50    0     2016     1992   0.011200
 33.00    0     2040     2016   0.011200
 33.50    0     2040     1992   0.011200
 34.00    0     2016     1992   0.011200
 34.50    0     2040     2016   0.011200
 35.00    0     2016     1992   0.011200
 35.50    0     2040     1992   0.011200
 36.00    0     2040     2016   0.011200
 36.50    0     2016     1992   0.011200
 37.00    0     2016     1992   0.011200
 37.50    0     2040     2016   0.011200
 38.00    0     2016     1992   0.011200
 38.50    0     2040     1992   0.011200
 39.00    0     1800     2016   0.011200
 39.50    0       48     1152   0.011200
 40.00    0      672      648   0.011200
 40.50    0     2184     1752   0.011200
 41.00    0     2040     1992   0.011200
 41.50    0     2064     2016   0.011200
 42.00    0     2040     1992   0.011200
 42.50    0     2016     1992   0.011200
 43.00    0     2064     2016   0.011200
 43.50    0     2040     1992   0.011200
 44.00    0     2016     1992   0.011200
 44.50    0     2064     2016   0.011200
 45.00    0     2040     1992   0.011200
 45.50    0     2016     1992   0.011200
 46.00    0     2064     2016   0.011200
 46.50    0     2016     1992   0.011200
 47.00    0     2016     1992   0.011200
 47.50    0     2064     2016   0.011200
 48.00    0     2016     1992   0.011200
 48.50    0     2016     1992   0.011200
 49.00    0     2064     2016   0.011200
 49.50    0     2016     1992   0.011200
 50.00    0     2016     1992   0.011200
 50.50    0     2040     2016   0.011200
 51.00    0     2016     1992   0.011200
 51.50    0     2040     1992   0.011200
 52.00    0     2040     2016   0.011200
 52.50    0     2016     1992   0.011200
 53.00    0     2016     1992   0.011200
 53.50    0     2040     2016   0.011200
 54.00    0      744     1992   0.011200
 54.50    0      336      264   0.011200
 55.00    0     1584     1296   0.011200
 55.50    0     2040     2016   0.011200
 56.00    0     2064     1992   0.011200
 56.50    0     2040     1992   0.011200
 57.00    0     2040     2016   0.011200
 57.50    0     2040     1992   0.011200
 58.00    0     2040     1992   0.011200
 58.50    0     2040     2016   0.011200
 59.00    0     2040     1992   0.011200
 59.50    0     2040     1992   0.011200
 60.00    0     2016     2016   0.011200
 60.50    0     2064     1992   0.011200
 61.00    0     2016     1992   0.011200
 61.50    0     2040     2016   0.011200
 62.00    0     2040     1992   0.011200
 62.50    0     2016     1992   0.011200
 63.00    0     2040     2016   0.011200
 63.50    0     2040     1992   0.011200
 64.00    0     2016     1992   0.011200
 64.50    0     2016     2016   0.011200
 65.00    0     2064     1992   0.011200
 65.50    0     2016     1992   0.011200
 66.00    0     2016     2016   0.011200
 66.50    0     2040     1992   0.011200
 67.00    0     2016     1992   0.011200
 67.50    0     2016     2016   0.011200
 68.00    0     2064     1992   0.011200
 68.50    0     1704     1992   0.011200
 69.00    0       48     1080   0.011200
 69.50    0      672      672   0.011200
 70.00    0     2280     1824   0.011200
 70.50    0     2040     1992   0.011200
 71.00    0     2040     1992   0.011200
 71.50    0     2064     2016   0.011200
 72.00    0     2040     1992   0.011200
 72.50    0     2016     1992   0.011200
 73.00    0     2064     2016   0.011200
 73.50    0     2040     1992   0.011200
 74.00    0     2016     1992   0.011200
 74.50    0     2064     2016   0.011200
 75.00    0     2016     1992   0.011200
 75.50    0     2040     1992   0.011200
 76.00    0     2040     2016   0.011200
 76.50    0     2016     1992   0.011200
 77.00    0     2040     1992   0.011200
 77.50    0     2040     2016   0.011200
 78.00    0     2016     1992   0.011200
 78.50    0     2040     1992   0.011200
 79.00    0     2040     2016   0.011200
 79.50    0     2016     1992   0.011200
 80.00    0     2016     1992   0.011200
