 10.10    1      453      403   0.010840     0.00
 10.20    1      453      453   0.010840     0.00
 10.30    1      453      453   0.010840     0.00
 10.40    1      436      436   0.010840     0.00
 10.50    1      453      453   0.010840     0.00
 10.60    1      453      453   0.010840     0.00
 10.70    1      436      436   0.010840     0.00
 10.80    1      453      453   0.010840     0.00
 10.90    1      453      453   0.010840     0.00
 11.00    1      436      436   0.010840     0.00
 11.10    1      453      453   0.010840     0.00
 11.20    1      453      453   0.010840     0.00
 11.30    1      436      436   0.010840     0.00
 11.40    1      453      453   0.010840     0.00
 11.50    1      453      453   0.010840     0.00
 11.60    1      436      436   0.010840     0.00
 11.70    1      453      453   0.010840     0.00
 11.80    1      453      453   0.010840     0.00
 11.90    1      436      436   0.010840     0.00
 12.00    1      453      453   0.010840     0.00
 12.10    1      453      453   0.010840     0.00
 12.20    1      436      436   0.010840     0.00
 12.30    1      453      453   0.010840     0.00
 12.40    1      453      453   0.010840     0.00
 12.50    1      436      436   0.010840     0.00
 12.60    1      453      453   0.010840     0.00
 12.70    1      453      453   0.010840     0.00
 12.80    1      436      436   0.010840     0.00
 12.90    1      453      453   0.010840     0.00
 13.00    1      453      453   0.010840     0.00
 13.10    1      436      436   0.010840     0.00
 13.20    1      453      453   0.010840     0.00
 13.30    1      453      453   0.010840     0.00
 13.40    1      436      436   0.010840     0.00
 13.50    1      453      453   0.010840     0.00
 13.60    1      453      453   0.010840     0.00
 13.70    1      436      436   0.010840     0.00
 13.80    1      453      453   0.010840     0.00
 13.90    1      453      453   0.010840     0.00
 14.00    1      436      436   0.010840     0.00
 14.10    1      453      453   0.010840     0.00
 14.20    1      453      453   0.010840     0.00
 14.30    1      436      436   0.010840     0.00
 14.40    1      453      453   0.010840     0.00
 14.50    1      453      453   0.010840     0.00
 14.60    1      436      436   0.010840     0.00
 14.70    1      453      453   0.010840     0.00
 14.80    1      453      453   0.010840     0.00
 14.90    1      436      436   0.010840     0.00
 15.00    1      453      453   0.010840     0.00
 15.00    2       36        0   0.000000     0.00
 15.10    1      386      403   0.015765     0.00
 15.10    2     1584     1440   0.016663     0.00
 15.20    1      403      403   0.026915     0.00
 15.20    2     1620     1584   0.027076     0.00
 15.30    1      403      386   0.037867     0.00
 15.30    2     1584     1620   0.038120     0.00
 15.40    1      403      403   0.048770     0.00
 15.40    2     1584     1584   0.049157     0.00
 15.50    1      386      403   0.059930     0.00
 15.50    2     1620     1584   0.060059     0.00
 15.60    1      403      403   0.071090     3.70
 15.60    2     1584     1620   0.071104     4.00
 15.70    1      386      386   0.080787    14.81
 15.70    2     1620     1620   0.080999    10.00
 15.80    1      403      386   0.082035    11.54
 15.80    2     1620     1584   0.082601    10.00
 15.90    1      386      386   0.081966     7.41
 15.90    2     1584     1620   0.082474    14.00
 16.00    1      403      420   0.081260    11.11
 16.00    2     1620     1584   0.081796    10.00
 16.10    1      420      403   0.081754     7.69
 16.10    2     1584     1620   0.082260    12.00
 16.20    1      403      403   0.081776     3.70
 16.20    2     1584     1584   0.082252    14.00
 16.30    1      436      436   0.081118    18.52
 16.30    2     1548     1548   0.081535     6.00
 16.40    1      369      369   0.082382     7.69
 16.40    2     1656     1656   0.082831    14.00
 16.50    1      386      386   0.082293    22.22
 16.50    2     1620     1584   0.082543     6.00
 16.60    1      352      352   0.083203    18.52
 16.60    2     1620     1656   0.083590    10.00
 16.70    1      386      403   0.083148    11.54
 16.70    2     1620     1620   0.083564    10.00
 16.80    1      369      369   0.081987    22.22
 16.80    2     1620     1620   0.082268     8.00
 16.90    1      352      336   0.083600    14.81
 16.90    2     1656     1656   0.083981    12.00
 17.00    1      403      403   0.082719    15.38
 17.00    2     1620     1584   0.083051     8.00
 17.10    1      352      369   0.082431    18.52
 17.10    2     1620     1656   0.082748    10.00
 17.20    1      386      352   0.083687    11.11
 17.20    2     1620     1620   0.084050    12.00
 17.30    1      369      420   0.082010    19.23
 17.30    2     1620     1584   0.082321     8.00
 17.40    1      352      336   0.083090    18.52
 17.40    2     1656     1692   0.083373    10.00
 17.50    1      403      369   0.083431    14.81
 17.50    2     1620     1620   0.083776    10.00
 17.60    1      369      403   0.081904    19.23
 17.60    2     1620     1584   0.082187     8.00
 17.70    1      336      336   0.083488    14.81
 17.70    2     1656     1656   0.083825    12.00
 17.80    1      403      403   0.082876    18.52
 17.80    2     1584     1620   0.083220     8.00
 17.90    1      386      369   0.082170    19.23
 17.90    2     1620     1620   0.082526     6.00
 18.00    1      336      352   0.083843    11.11
 18.00    2     1656     1656   0.084122    16.00
 18.10    1      420      420   0.082172    18.52
 18.10    2     1584     1584   0.082504     6.00
 18.20    1      352      352   0.082890    19.23
 18.20    2     1656     1620   0.083186    10.00
 18.30    1      369      369   0.083511    11.11
 18.30    2     1620     1656   0.083838    12.00
 18.40    1      386      386   0.081859    22.22
 18.40    2     1620     1620   0.082236     6.00
 18.50    1      336      352   0.083366    15.38
 18.50    2     1656     1620   0.083724    12.00
 18.60    1      403      386   0.083034    11.11
 18.60    2     1620     1620   0.083388    10.00
 18.70    1      369      352   0.081961    25.93
 18.70    2     1620     1656   0.082399     6.00
 18.80    1      369      369   0.083764    11.54
 18.80    2     1620     1620   0.084151    12.00
 18.90    1      403      403   0.082407    14.81
 18.90    2     1620     1620   0.082720     8.00
 19.00    1      352      352   0.082641    22.22
 19.00    2     1620     1620   0.083014    10.00
 19.10    1      369      369   0.083589     7.69
 19.10    2     1656     1656   0.083926    14.00
 19.20    1      386      386   0.081902    22.22
 19.20    2     1620     1584   0.082229     6.00
 19.30    1      352      352   0.083203    18.52
 19.30    2     1620     1656   0.083590    10.00
 19.40    1      386      403   0.083148    11.54
 19.40    2     1620     1620   0.083564    10.00
 19.50    1      369      369   0.081987    22.22
 19.50    2     1620     1620   0.082268     8.00
 19.60    1      352      336   0.083600    14.81
 19.60    2     1656     1656   0.083981    12.00
 19.70    1      403      403   0.082719    15.38
 19.70    2     1620     1584   0.083051     8.00
 19.80    1      352      369   0.082431    18.52
 19.80    2     1620     1656   0.082748    10.00
 19.90    1      386      352   0.083687    11.11
 19.90    2     1620     1620   0.084050    12.00
 20.00    1      369      420   0.082010    19.23
 20.00    2     1620     1584   0.082321     8.00
 20.10    1      352      336   0.083090    18.52
 20.10    2     1656     1692   0.083373    10.00
 20.20    1      403      369   0.083431    14.81
 20.20    2     1620     1620   0.083776    10.00
 20.30    1      369      403   0.081904    19.23
 20.30    2     1620     1584   0.082187     8.00
 20.40    1      336      336   0.083487    14.81
 20.40    2     1656     1656   0.083825    12.00
 20.50    1      403      403   0.082876    18.52
 20.50    2     1584     1620   0.083220     8.00
 20.60    1      386      369   0.082170    19.23
 20.60    2     1620     1620   0.082526     6.00
 20.70    1      336      352   0.083843    11.11
 20.70    2     1656     1656   0.084122    16.00
 20.80    1      420      420   0.082172    18.52
 20.80    2     1584     1584   0.082504     6.00
 20.90    1      352      352   0.082890    19.23
 20.90    2     1656     1620   0.083186    10.00
 21.00    1      369      369   0.083511    11.11
 21.00    2     1620     1656   0.083838    12.00
 21.10    1      386      386   0.081859    22.22
 21.10    2     1620     1620   0.082236     6.00
 21.20    1      336      352   0.083366    15.38
 21.20    2     1656     1620   0.083724    12.00
 21.30    1      403      386   0.083034    11.11
 21.30    2     1620     1620   0.083388    10.00
 21.40    1      369      352   0.081961    25.93
 21.40    2     1620     1656   0.082399     6.00
 21.50    1      369      369   0.083764    11.54
 21.50    2     1620     1620   0.084151    12.00
 21.60    1      403      403   0.082408    14.81
 21.60    2     1620     1620   0.082720     8.00
 21.70    1      352      352   0.082641    22.22
 21.70    2     1620     1620   0.083014    10.00
 21.80    1      369      369   0.083589     7.69
 21.80    2     1656     1656   0.083926    14.00
 21.90    1      386      386   0.081902    22.22
 21.90    2     1620     1584   0.082229     6.00
 22.00    1      352      352   0.083203    18.52
 22.00    2     1620     1656   0.083590    10.00
 22.10    1      386      403   0.083147    11.54
 22.10    2     1620     1620   0.083564    10.00
 22.20    1      369      369   0.081987    22.22
 22.20    2     1620     1620   0.082268     8.00
 22.30    1      352      336   0.083600    14.81
 22.30    2     1656     1656   0.083981    12.00
 22.40    1      403      403   0.082719    15.38
 22.40    2     1620     1584   0.083051     8.00
 22.50    1      352      369   0.082431    18.52
 22.50    2     1620     1656   0.082748    10.00
 22.60    1      386      352   0.083687    11.11
 22.60    2     1620     1620   0.084050    12.00
 22.70    1      369      420   0.082010    19.23
 22.70    2     1620     1584   0.082321     8.00
 22.80    1      352      336   0.083090    18.52
 22.80    2     1656     1692   0.083373    10.00
 22.90    1      403      369   0.083431    14.81
 22.90    2     1620     1620   0.083776    10.00
 23.00    1      369      403   0.081904    19.23
 23.00    2     1620     1584   0.082187     8.00
 23.10    1      336      336   0.083488    14.81
 23.10    2     1656     1656   0.083825    12.00
 23.20    1      403      403   0.082876    18.52
 23.20    2     1584     1620   0.083220     8.00
 23.30    1      386      369   0.082170    19.23
 23.30    2     1620     1620   0.082526     6.00
 23.40    1      336      352   0.083843    11.11
 23.40    2     1656     1656   0.084122    16.00
 23.50    1      420      420   0.082172    18.52
 23.50    2     1584     1584   0.082504     6.00
 23.60    1      352      352   0.082890    19.23
 23.60    2     1656     1620   0.083186    10.00
 23.70    1      369      369   0.083511    11.11
 23.70    2     1620     1656   0.083838    12.00
 23.80    1      386      386   0.081859    22.22
 23.80    2     1620     1620   0.082236     6.00
 23.90    1      336      352   0.083366    15.38
 23.90    2     1656     1620   0.083724    12.00
 24.00    1      403      386   0.083034    11.11
 24.00    2     1620     1620   0.083388    10.00
 24.10    1      369      352   0.081961    25.93
 24.10    2     1620     1656   0.082399     6.00
 24.20    1      369      369   0.083764    11.54
 24.20    2     1620     1620   0.084151    12.00
 24.30    1      403      403   0.082408    14.81
 24.30    2     1620     1620   0.082720     8.00
 24.40    1      352      352   0.082641    22.22
 24.40    2     1620     1620   0.083014    10.00
 24.50    1      369      369   0.083589     7.69
 24.50    2     1656     1656   0.083926    14.00
 24.60    1      386      386   0.081902    22.22
 24.60    2     1620     1584   0.082229     6.00
 24.70    1      352      352   0.083203    18.52
 24.70    2     1620     1656   0.083590    10.00
 24.80    1      386      403   0.083148    11.54
 24.80    2     1620     1620   0.083564    10.00
 24.90    1      369      369   0.081987    22.22
 24.90    2     1620     1620   0.082268     8.00
 25.00    1      352      336   0.083600    11.11
 25.00    2     1656     1656   0.083981    12.24
 25.10    1      739      722   0.064992     0.00
 25.10    2     1116     1296   0.083159     0.00
 25.20    1      453      470   0.010998     0.00
 25.20    2        0        0   0.000000     0.00
 25.30    1      453      453   0.010840     0.00
 25.30    2        0        0   0.000000     0.00
 25.40    1      436      436   0.010840     0.00
 25.40    2        0        0   0.000000     0.00
 25.50    1      453      453   0.010840     0.00
 25.50    2        0        0   0.000000     0.00
 25.60    1      453      453   0.010840     0.00
 25.60    2        0        0   0.000000     0.00
 25.70    1      436      436   0.010840     0.00
 25.70    2        0        0   0.000000     0.00
 25.80    1      453      453   0.010840     0.00
 25.80    2        0        0   0.000000     0.00
 25.90    1      453      453   0.010840     0.00
 25.90    2        0        0   0.000000     0.00
 26.00    1      436      436   0.010840     0.00
 26.00    2        0        0   0.000000     0.00
 26.10    1      453      453   0.010840     0.00
 26.10    2        0        0   0.000000     0.00
 26.20    1      453      453   0.010840     0.00
 26.20    2        0        0   0.000000     0.00
 26.30    1      436      436   0.010840     0.00
 26.30    2        0        0   0.000000     0.00
 26.40    1      453      453   0.010840     0.00
 26.40    2        0        0   0.000000     0.00
 26.50    1      453      453   0.010840     0.00
 26.50    2        0        0   0.000000     0.00
 26.60    1      436      436   0.010840     0.00
 26.60    2        0        0   0.000000     0.00
 26.70    1      453      453   0.010840     0.00
 26.70    2        0        0   0.000000     0.00
 26.80    1      453      453   0.010840     0.00
 26.80    2        0        0   0.000000     0.00
 26.90    1      436      436   0.010840     0.00
 26.90    2        0        0   0.000000     0.00
 27.00    1      453      453   0.010840     0.00
 27.00    2        0        0   0.000000     0.00
 27.10    1      453      453   0.010840     0.00
 27.10    2        0        0   0.000000     0.00
 27.20    1      436      436   0.010840     0.00
 27.20    2        0        0   0.000000     0.00
 27.30    1      453      453   0.010840     0.00
 27.30    2        0        0   0.000000     0.00
 27.40    1      453      453   0.010840     0.00
 27.40    2        0        0   0.000000     0.00
 27.50    1      436      436   0.010840     0.00
 27.50    2        0        0   0.000000     0.00
 27.60    1      453      453   0.010840     0.00
 27.60    2        0        0   0.000000     0.00
 27.70    1      453      453   0.010840     0.00
 27.70    2        0        0   0.000000     0.00
 27.80    1      436      436   0.010840     0.00
 27.80    2        0        0   0.000000     0.00
 27.90    1      453      453   0.010840     0.00
 27.90    2        0        0   0.000000     0.00
 28.00    1      453      453   0.010840     0.00
 28.00    2        0        0   0.000000     0.00
 28.10    1      436      436   0.010840     0.00
 28.10    2        0        0   0.000000     0.00
 28.20    1      453      453   0.010840     0.00
 28.20    2        0        0   0.000000     0.00
 28.30    1      453      453   0.010840     0.00
 28.30    2        0        0   0.000000     0.00
 28.40    1      436      436   0.010840     0.00
 28.40    2        0        0   0.000000     0.00
 28.50    1      453      453   0.010840     0.00
 28.50    2        0        0   0.000000     0.00
 28.60    1      453      453   0.010840     0.00
 28.60    2        0        0   0.000000     0.00
 28.70    1      436      436   0.010840     0.00
 28.70    2        0        0   0.000000     0.00
 28.80    1      453      453   0.010840     0.00
 28.80    2        0        0   0.000000     0.00
 28.90    1      453      453   0.010840     0.00
 28.90    2        0        0   0.000000     0.00
 29.00    1      436      436   0.010840     0.00
 29.00    2        0        0   0.000000     0.00
 29.10    1      453      453   0.010840     0.00
 29.10    2        0        0   0.000000     0.00
 29.20    1      453      453   0.010840     0.00
 29.20    2        0        0   0.000000     0.00
 29.30    1      436      436   0.010840     0.00
 29.30    2        0        0   0.000000     0.00
 29.40    1      453      453   0.010840     0.00
 29.40    2        0        0   0.000000     0.00
 29.50    1      453      453   0.010840     0.00
 29.50    2        0        0   0.000000     0.00
 29.60    1      436      436   0.010840     0.00
 29.60    2        0        0   0.000000     0.00
 29.70    1      453      453   0.010840     0.00
 29.70    2        0        0   0.000000     0.00
 29.80    1      453      453   0.010840     0.00
 29.80    2        0        0   0.000000     0.00
 29.90    1      436      436   0.010840     0.00
 29.90    2        0        0   0.000000     0.00
 30.00    1      453      453   0.010840     0.00
 30.00    2        0        0   0.000000     0.00
